Mar-07 16:12:10.974 [main] DEBUG nextflow.cli.Launcher - $> nextflow -c /etc/nextflow.config run main.nf -profile test,docker -process.echo -resume
Mar-07 16:12:11.697 [main] DEBUG nextflow.cli.CmdRun - N E X T F L O W  ~  version 24.04.2
Mar-07 16:12:11.812 [main] DEBUG nextflow.plugin.PluginsFacade - Setting up plugin manager > mode=prod; embedded=false; plugins-dir=/shared/team/nxf_work/nicholasellaby.gpha-ukhsa-mscap/plugins; core-plugins: nf-amazon@2.5.2,nf-azure@1.6.0,nf-cloudcache@0.4.1,nf-codecommit@0.2.0,nf-console@1.1.3,nf-ga4gh@1.3.0,nf-google@1.13.2,nf-tower@1.9.1,nf-wave@1.4.2
Mar-07 16:12:11.870 [main] INFO  o.pf4j.DefaultPluginStatusProvider - Enabled plugins: []
Mar-07 16:12:11.877 [main] INFO  o.pf4j.DefaultPluginStatusProvider - Disabled plugins: []
Mar-07 16:12:11.892 [main] INFO  org.pf4j.DefaultPluginManager - PF4J version 3.10.0 in 'deployment' mode
Mar-07 16:12:12.016 [main] INFO  org.pf4j.AbstractPluginManager - No plugins
Mar-07 16:12:12.209 [main] DEBUG nextflow.config.ConfigBuilder - Found config local: /home/jovyan/git/mscape-amr-nf/nextflow.config
Mar-07 16:12:12.245 [main] DEBUG nextflow.config.ConfigBuilder - User config file: /etc/nextflow.config
Mar-07 16:12:12.257 [main] DEBUG nextflow.config.ConfigBuilder - Parsing config file: /home/jovyan/git/mscape-amr-nf/nextflow.config
Mar-07 16:12:12.261 [main] DEBUG nextflow.config.ConfigBuilder - Parsing config file: /etc/nextflow.config
Mar-07 16:12:12.461 [main] DEBUG n.secret.LocalSecretsProvider - Secrets store: /shared/team/nxf_work/nicholasellaby.gpha-ukhsa-mscap/secrets/store.json
Mar-07 16:12:12.494 [main] DEBUG nextflow.secret.SecretsLoader - Discovered secrets providers: [nextflow.secret.LocalSecretsProvider@18fdb6cf] - activable => nextflow.secret.LocalSecretsProvider@18fdb6cf
Mar-07 16:12:12.521 [main] DEBUG nextflow.config.ConfigBuilder - Applying config profile: `test,docker`
Mar-07 16:12:17.890 [main] DEBUG nextflow.config.ConfigBuilder - Applying config profile: `test,docker`
Mar-07 16:12:18.148 [main] DEBUG nextflow.config.ConfigBuilder - Available config profiles: [debug, test, apptainer, docker, slurm, gitpod, shifter, mamba, charliecloud, conda, singularity, arm, podman]
Mar-07 16:12:18.249 [main] DEBUG nextflow.cli.CmdRun - Applied DSL=2 by global default
Mar-07 16:12:18.299 [main] DEBUG nextflow.cli.CmdRun - Launching `main.nf` [nauseous_cantor] DSL2 - revision: 8084e6b99a
Mar-07 16:12:18.318 [main] DEBUG nextflow.plugin.PluginsFacade - Plugins default=[]
Mar-07 16:12:18.319 [main] DEBUG nextflow.plugin.PluginsFacade - Plugins resolved requirement=[]
Mar-07 16:12:18.515 [main] DEBUG nextflow.Session - Session UUID: 7bd7e59b-5306-4111-81eb-5b16806ccb9c
Mar-07 16:12:18.516 [main] DEBUG nextflow.Session - Run name: nauseous_cantor
Mar-07 16:12:18.517 [main] DEBUG nextflow.Session - Executor pool size: 2
Mar-07 16:12:18.543 [main] DEBUG nextflow.file.FilePorter - File porter settings maxRetries=3; maxTransfers=50; pollTimeout=null
Mar-07 16:12:18.558 [main] DEBUG nextflow.util.ThreadPoolBuilder - Creating thread pool 'FileTransfer' minSize=10; maxSize=10; workQueue=LinkedBlockingQueue[10000]; allowCoreThreadTimeout=false
Mar-07 16:12:18.645 [main] DEBUG nextflow.cli.CmdRun - 
  Version: 24.04.2 build 5914
  Created: 29-05-2024 06:19 UTC 
  System: Linux 5.15.0-1051-kvm
  Runtime: Groovy 4.0.21 on OpenJDK 64-Bit Server VM 11.0.21+9-post-Ubuntu-0ubuntu122.04
  Encoding: UTF-8 (UTF-8)
  Process: 25929@jupyter-nicholasellaby-2egpha-2dukhsa-2dmscap [10.1.30.5]
  CPUs: 2 - Mem: 16 GB (2.1 GB) - Swap: 0 (0)
Mar-07 16:12:18.827 [main] DEBUG nextflow.Session - Work-dir: /shared/team/nxf_work/nicholasellaby.gpha-ukhsa-mscap/work [ceph]
Mar-07 16:12:18.905 [main] DEBUG nextflow.executor.ExecutorFactory - Extension executors providers=[]
Mar-07 16:12:18.938 [main] DEBUG nextflow.Session - Observer factory: DefaultObserverFactory
Mar-07 16:12:19.117 [main] DEBUG nextflow.cache.CacheFactory - Using Nextflow cache factory: nextflow.cache.DefaultCacheFactory
Mar-07 16:12:19.146 [main] DEBUG nextflow.util.CustomThreadPool - Creating default thread pool > poolSize: 3; maxThreads: 1000
Mar-07 16:12:19.624 [main] DEBUG nextflow.Session - Session start
Mar-07 16:12:19.644 [main] DEBUG nextflow.trace.TraceFileObserver - Workflow started -- trace file: /home/jovyan/git/mscape-amr-nf/output/pipeline_info/2025-03-07_16-12-17/execution_trace_null.txt
Mar-07 16:12:20.356 [main] DEBUG nextflow.script.ScriptRunner - > Launching execution
Mar-07 16:12:23.283 [main] INFO  nextflow.Nextflow - Samplesheet: /home/jovyan/git/mscape-amr-nf/test/test-sample-sheet.csv
Mar-07 16:12:23.311 [main] INFO  nextflow.Nextflow - Output directory: mscape-amr-results
Mar-07 16:12:23.312 [main] INFO  nextflow.Nextflow - Number of CPUs (Max): 4
Mar-07 16:12:23.566 [main] DEBUG nextflow.executor.ExecutorFactory - << taskConfig executor: k8s
Mar-07 16:12:23.571 [main] DEBUG nextflow.executor.ExecutorFactory - >> processorType: 'k8s'
Mar-07 16:12:23.595 [main] DEBUG nextflow.executor.Executor - [warm up] executor > k8s
Mar-07 16:12:23.617 [main] DEBUG n.processor.TaskPollingMonitor - Creating task monitor for executor 'k8s' > capacity: 100; pollInterval: 5s; dumpInterval: 5m 
Mar-07 16:12:23.624 [main] DEBUG n.processor.TaskPollingMonitor - >>> barrier register (monitor: k8s)
Mar-07 16:12:23.670 [main] DEBUG nextflow.k8s.client.ConfigDiscovery - K8s config file does not exist: /home/jovyan/.kube/config
Mar-07 16:12:23.710 [main] DEBUG nextflow.k8s.K8sExecutor - [K8s] config=[runAsUser:1000, computeResourceType:Job]; API client config=ClientConfig[ server=10.152.183.1:443, namespace=ns-gpha-ukhsa-mscap, serviceAccount=null, token=eyJhbGciOiJ.., sslCert=LS0tLS1CRUd.., clientCert=-, clientKey=-, verifySsl=false, fromFile=true, httpReadTimeout=null, httpConnectTimeout=null, maxErrorRetry=4 ]
Mar-07 16:12:23.917 [main] DEBUG nextflow.executor.ExecutorFactory - << taskConfig executor: k8s
Mar-07 16:12:23.917 [main] DEBUG nextflow.executor.ExecutorFactory - >> processorType: 'k8s'
Mar-07 16:12:23.950 [main] DEBUG nextflow.executor.ExecutorFactory - << taskConfig executor: k8s
Mar-07 16:12:23.950 [main] DEBUG nextflow.executor.ExecutorFactory - >> processorType: 'k8s'
Mar-07 16:12:23.963 [main] DEBUG nextflow.Session - Workflow process names [dsl2]: READ_EXTRACT, SCAGAIRE, GZ_TO_FASTQ, AMR_ANALYSIS:GZ_TO_FASTQ, AMR_ANALYSIS:READ_EXTRACT, AMR_ANALYSIS:RUN_ABRICATE, RUN_ABRICATE
Mar-07 16:12:23.965 [main] DEBUG nextflow.Session - Igniting dataflow network (4)
Mar-07 16:12:23.986 [main] DEBUG nextflow.processor.TaskProcessor - Starting process > AMR_ANALYSIS:GZ_TO_FASTQ
Mar-07 16:12:23.998 [main] DEBUG nextflow.processor.TaskProcessor - Starting process > AMR_ANALYSIS:RUN_ABRICATE
Mar-07 16:12:23.999 [main] DEBUG nextflow.processor.TaskProcessor - Starting process > AMR_ANALYSIS:READ_EXTRACT
Mar-07 16:12:24.012 [main] DEBUG nextflow.script.ScriptRunner - Parsed script files:
  Script_390378afd6cdfbc4: /home/jovyan/git/mscape-amr-nf/./subworkflows/../modules/scagaire.nf
  Script_a88289afbc8c7f47: /home/jovyan/git/mscape-amr-nf/./subworkflows/amr_analysis.nf
  Script_99c5abd9b8ebc26c: /home/jovyan/git/mscape-amr-nf/./subworkflows/../modules/abricate.nf
  Script_fba0c8e5e7ff031b: /home/jovyan/git/mscape-amr-nf/main.nf
  Script_db5639b2ee35bd38: /home/jovyan/git/mscape-amr-nf/./subworkflows/../modules/taxonomy.nf
  Script_92a9ac30e1648795: /home/jovyan/git/mscape-amr-nf/./subworkflows/../modules/gunzip.nf
Mar-07 16:12:24.013 [main] DEBUG nextflow.script.ScriptRunner - > Awaiting termination 
Mar-07 16:12:24.013 [main] DEBUG nextflow.Session - Session await
Mar-07 16:12:24.505 [Actor Thread 3] DEBUG nextflow.plugin.PluginUpdater - Installing plugin nf-amazon version: 2.5.2
Mar-07 16:12:24.549 [Actor Thread 3] INFO  org.pf4j.AbstractPluginManager - Plugin 'nf-amazon@2.5.2' resolved
Mar-07 16:12:24.551 [Actor Thread 3] INFO  org.pf4j.AbstractPluginManager - Start plugin 'nf-amazon@2.5.2'
Mar-07 16:12:24.660 [Actor Thread 3] DEBUG nextflow.plugin.BasePlugin - Plugin started nf-amazon@2.5.2
Mar-07 16:12:24.903 [Actor Thread 3] DEBUG nextflow.file.FileHelper - > Added 'S3FileSystemProvider' to list of installed providers [s3]
Mar-07 16:12:24.904 [Actor Thread 3] DEBUG nextflow.file.FileHelper - Started plugin 'nf-amazon' required to handle file: s3://mscape-published-taxon-reports/C-882B60FA9E/C-882B60FA9E_PlusPF.kraken_assignments.tsv
Mar-07 16:12:24.958 [Actor Thread 3] DEBUG nextflow.file.FileHelper - Creating a file system instance for provider: S3FileSystemProvider
Mar-07 16:12:25.012 [Actor Thread 3] DEBUG nextflow.cloud.aws.config.AwsConfig - AWS S3 config properties: {endpoint=https://s3.climb.ac.uk, s_3_path_style_access=true, max_error_retry=5}
Mar-07 16:12:28.569 [Actor Thread 3] DEBUG nextflow.file.FileHelper - Creating a file system instance for provider: S3FileSystemProvider
Mar-07 16:12:28.598 [Actor Thread 3] DEBUG nextflow.cloud.aws.config.AwsConfig - AWS S3 config properties: {endpoint=https://s3.climb.ac.uk, s_3_path_style_access=true, max_error_retry=5}
Mar-07 16:12:28.786 [FileTransfer-1] DEBUG nextflow.file.FilePorter - Local cache found for foreign file s3://mscape-published-taxon-reports/C-64ECEC3412/C-64ECEC3412_PlusPF.kraken_assignments.tsv at /shared/team/nxf_work/nicholasellaby.gpha-ukhsa-mscap/work/stage-7bd7e59b-5306-4111-81eb-5b16806ccb9c/34/97a8bdf0904617f6cb8f94e51a1b6c/C-64ECEC3412_PlusPF.kraken_assignments.tsv
Mar-07 16:12:28.803 [FileTransfer-2] DEBUG nextflow.file.FilePorter - Local cache found for foreign file s3://mscape-published-taxon-reports/C-882B60FA9E/C-882B60FA9E_PlusPF.kraken_assignments.tsv at /shared/team/nxf_work/nicholasellaby.gpha-ukhsa-mscap/work/stage-7bd7e59b-5306-4111-81eb-5b16806ccb9c/51/62fcbfdef1e7f75d1717cd67dad227/C-882B60FA9E_PlusPF.kraken_assignments.tsv
Mar-07 16:12:28.812 [FileTransfer-3] DEBUG nextflow.file.FilePorter - Local cache found for foreign file s3://mscape-published-taxon-reports/C-882B60FA9E/C-882B60FA9E_PlusPF.kraken_report.json at /shared/team/nxf_work/nicholasellaby.gpha-ukhsa-mscap/work/stage-7bd7e59b-5306-4111-81eb-5b16806ccb9c/c2/84de8e0223f7f426237f541c49f4a9/C-882B60FA9E_PlusPF.kraken_report.json
Mar-07 16:12:28.816 [FileTransfer-4] DEBUG nextflow.file.FilePorter - Local cache found for foreign file s3://mscape-published-read-fractions/C-882B60FA9E/C-882B60FA9E.human_filtered.fastq.gz at /shared/team/nxf_work/nicholasellaby.gpha-ukhsa-mscap/work/stage-7bd7e59b-5306-4111-81eb-5b16806ccb9c/11/fb3de36e147ce4fd9264366e2df6db/C-882B60FA9E.human_filtered.fastq.gz
Mar-07 16:12:28.844 [FileTransfer-5] DEBUG nextflow.file.FilePorter - Local cache found for foreign file s3://mscape-published-taxon-reports/C-64ECEC3412/C-64ECEC3412_PlusPF.kraken_report.json at /shared/team/nxf_work/nicholasellaby.gpha-ukhsa-mscap/work/stage-7bd7e59b-5306-4111-81eb-5b16806ccb9c/06/b33f0f42db9b049b5af5b0faaa604a/C-64ECEC3412_PlusPF.kraken_report.json
Mar-07 16:12:28.859 [FileTransfer-6] DEBUG nextflow.file.FilePorter - Local cache found for foreign file s3://mscape-published-read-fractions/C-64ECEC3412/C-64ECEC3412.human_filtered.fastq.gz at /shared/team/nxf_work/nicholasellaby.gpha-ukhsa-mscap/work/stage-7bd7e59b-5306-4111-81eb-5b16806ccb9c/93/586fbbe35e3edaaafe8c85bc9cb1f7/C-64ECEC3412.human_filtered.fastq.gz
Mar-07 16:12:30.043 [Actor Thread 2] INFO  nextflow.processor.TaskProcessor - [16/213f0f] Cached process > AMR_ANALYSIS:GZ_TO_FASTQ (C-64ECEC3412)
Mar-07 16:12:30.047 [Actor Thread 3] INFO  nextflow.processor.TaskProcessor - [00/dc7d6a] Cached process > AMR_ANALYSIS:GZ_TO_FASTQ (C-882B60FA9E)
Mar-07 16:12:30.932 [Actor Thread 8] INFO  nextflow.processor.TaskProcessor - [e7/8b680a] Cached process > AMR_ANALYSIS:RUN_ABRICATE (C-64ECEC3412)
Mar-07 16:12:30.945 [Actor Thread 6] INFO  nextflow.processor.TaskProcessor - [28/0cf5e5] Cached process > AMR_ANALYSIS:RUN_ABRICATE (C-882B60FA9E)
Mar-07 16:12:31.037 [Actor Thread 8] INFO  nextflow.Nextflow - No AMR annotations where made for C-64ECEC3412.
Mar-07 16:12:31.110 [Actor Thread 8] INFO  nextflow.Nextflow - No AMR annotations where made for C-882B60FA9E.
Mar-07 16:12:31.242 [FileTransfer-7] DEBUG nextflow.file.FilePorter - Local cache found for foreign file s3://mscape-published-taxon-reports/C-6CAF1EF2B6/C-6CAF1EF2B6_PlusPF.kraken_assignments.tsv at /shared/team/nxf_work/nicholasellaby.gpha-ukhsa-mscap/work/stage-7bd7e59b-5306-4111-81eb-5b16806ccb9c/e7/272cc2f0d1f888c2d12bd02c7e634c/C-6CAF1EF2B6_PlusPF.kraken_assignments.tsv
Mar-07 16:12:31.256 [FileTransfer-8] DEBUG nextflow.file.FilePorter - Local cache found for foreign file s3://mscape-published-taxon-reports/C-6CAF1EF2B6/C-6CAF1EF2B6_PlusPF.kraken_report.json at /shared/team/nxf_work/nicholasellaby.gpha-ukhsa-mscap/work/stage-7bd7e59b-5306-4111-81eb-5b16806ccb9c/91/ec554bfbc79d91a3ac0a3255289f4f/C-6CAF1EF2B6_PlusPF.kraken_report.json
Mar-07 16:12:31.297 [FileTransfer-9] DEBUG nextflow.file.FilePorter - Local cache found for foreign file s3://mscape-published-read-fractions/C-6CAF1EF2B6/C-6CAF1EF2B6.human_filtered.fastq.gz at /shared/team/nxf_work/nicholasellaby.gpha-ukhsa-mscap/work/stage-7bd7e59b-5306-4111-81eb-5b16806ccb9c/42/9b19a115e08b5b148e0a3908031f64/C-6CAF1EF2B6.human_filtered.fastq.gz
Mar-07 16:12:31.300 [FileTransfer-10] DEBUG nextflow.file.FilePorter - Local cache found for foreign file s3://mscape-published-taxon-reports/C-2D10300B10/C-2D10300B10_PlusPF.kraken_assignments.tsv at /shared/team/nxf_work/nicholasellaby.gpha-ukhsa-mscap/work/stage-7bd7e59b-5306-4111-81eb-5b16806ccb9c/a2/62d001f9e4d1debb0c7c49f206c63f/C-2D10300B10_PlusPF.kraken_assignments.tsv
Mar-07 16:12:31.301 [FileTransfer-10] DEBUG nextflow.file.FilePorter - Local cache found for foreign file s3://mscape-published-taxon-reports/C-2D10300B10/C-2D10300B10_PlusPF.kraken_report.json at /shared/team/nxf_work/nicholasellaby.gpha-ukhsa-mscap/work/stage-7bd7e59b-5306-4111-81eb-5b16806ccb9c/fc/e66c47253be6486996d61d6cef9f1c/C-2D10300B10_PlusPF.kraken_report.json
Mar-07 16:12:31.302 [FileTransfer-10] DEBUG nextflow.file.FilePorter - Local cache found for foreign file s3://mscape-published-read-fractions/C-2D10300B10/C-2D10300B10.human_filtered.fastq.gz at /shared/team/nxf_work/nicholasellaby.gpha-ukhsa-mscap/work/stage-7bd7e59b-5306-4111-81eb-5b16806ccb9c/02/4f1267e9679f41f25cbac47f2c4ad6/C-2D10300B10.human_filtered.fastq.gz
Mar-07 16:12:31.397 [Actor Thread 2] INFO  nextflow.processor.TaskProcessor - [d5/cc9994] Cached process > AMR_ANALYSIS:GZ_TO_FASTQ (C-2D10300B10)
Mar-07 16:12:31.404 [Actor Thread 3] INFO  nextflow.processor.TaskProcessor - [f8/7d78bf] Cached process > AMR_ANALYSIS:GZ_TO_FASTQ (C-6CAF1EF2B6)
Mar-07 16:12:31.604 [Actor Thread 6] INFO  nextflow.processor.TaskProcessor - [45/5c7a79] Cached process > AMR_ANALYSIS:RUN_ABRICATE (C-6CAF1EF2B6)
Mar-07 16:12:31.650 [Actor Thread 1] INFO  nextflow.processor.TaskProcessor - [c5/17938b] Cached process > AMR_ANALYSIS:RUN_ABRICATE (C-2D10300B10)
Mar-07 16:12:31.682 [Actor Thread 6] INFO  nextflow.Nextflow - No AMR annotations where made for C-2D10300B10.
Mar-07 16:12:31.935 [FileTransfer-3] DEBUG nextflow.file.FilePorter - Local cache found for foreign file s3://mscape-published-taxon-reports/C-9A27CC4D8B/C-9A27CC4D8B_PlusPF.kraken_assignments.tsv at /shared/team/nxf_work/nicholasellaby.gpha-ukhsa-mscap/work/stage-7bd7e59b-5306-4111-81eb-5b16806ccb9c/d8/8a1b68800c35d80b0e15458b6b1748/C-9A27CC4D8B_PlusPF.kraken_assignments.tsv
Mar-07 16:12:31.936 [FileTransfer-3] DEBUG nextflow.file.FilePorter - Local cache found for foreign file s3://mscape-published-taxon-reports/C-9A27CC4D8B/C-9A27CC4D8B_PlusPF.kraken_report.json at /shared/team/nxf_work/nicholasellaby.gpha-ukhsa-mscap/work/stage-7bd7e59b-5306-4111-81eb-5b16806ccb9c/45/3d1803a379df2b98035180933a2a77/C-9A27CC4D8B_PlusPF.kraken_report.json
Mar-07 16:12:31.938 [FileTransfer-4] DEBUG nextflow.file.FilePorter - Local cache found for foreign file s3://mscape-published-read-fractions/C-9A27CC4D8B/C-9A27CC4D8B.human_filtered.fastq.gz at /shared/team/nxf_work/nicholasellaby.gpha-ukhsa-mscap/work/stage-7bd7e59b-5306-4111-81eb-5b16806ccb9c/fc/0b12a7f48f97835fcf54eaba68a0e7/C-9A27CC4D8B.human_filtered.fastq.gz
Mar-07 16:12:31.938 [FileTransfer-3] DEBUG nextflow.file.FilePorter - Local cache found for foreign file s3://mscape-published-taxon-reports/C-282B0B9EBF/C-282B0B9EBF_PlusPF.kraken_assignments.tsv at /shared/team/nxf_work/nicholasellaby.gpha-ukhsa-mscap/work/stage-7bd7e59b-5306-4111-81eb-5b16806ccb9c/31/848009b59a72dbef39f2ed4435dd31/C-282B0B9EBF_PlusPF.kraken_assignments.tsv
Mar-07 16:12:31.939 [FileTransfer-3] DEBUG nextflow.file.FilePorter - Local cache found for foreign file s3://mscape-published-read-fractions/C-282B0B9EBF/C-282B0B9EBF.human_filtered.fastq.gz at /shared/team/nxf_work/nicholasellaby.gpha-ukhsa-mscap/work/stage-7bd7e59b-5306-4111-81eb-5b16806ccb9c/00/332e302f311659292d923bc2733723/C-282B0B9EBF.human_filtered.fastq.gz
Mar-07 16:12:31.939 [FileTransfer-4] DEBUG nextflow.file.FilePorter - Local cache found for foreign file s3://mscape-published-taxon-reports/C-282B0B9EBF/C-282B0B9EBF_PlusPF.kraken_report.json at /shared/team/nxf_work/nicholasellaby.gpha-ukhsa-mscap/work/stage-7bd7e59b-5306-4111-81eb-5b16806ccb9c/aa/a541440a2e0ebbeac10b729683cbce/C-282B0B9EBF_PlusPF.kraken_report.json
Mar-07 16:12:31.963 [Actor Thread 3] INFO  nextflow.processor.TaskProcessor - [ef/76deaf] Cached process > AMR_ANALYSIS:GZ_TO_FASTQ (C-282B0B9EBF)
Mar-07 16:12:32.093 [Actor Thread 5] INFO  nextflow.processor.TaskProcessor - [2f/ec5412] Cached process > AMR_ANALYSIS:GZ_TO_FASTQ (C-9A27CC4D8B)
Mar-07 16:12:32.143 [Actor Thread 7] INFO  nextflow.processor.TaskProcessor - [22/6036e0] Cached process > AMR_ANALYSIS:RUN_ABRICATE (C-282B0B9EBF)
Mar-07 16:12:32.163 [Actor Thread 6] INFO  nextflow.Nextflow - No AMR annotations where made for C-282B0B9EBF.
Mar-07 16:12:32.171 [Actor Thread 1] INFO  nextflow.processor.TaskProcessor - [7e/591092] Cached process > AMR_ANALYSIS:RUN_ABRICATE (C-9A27CC4D8B)
Mar-07 16:12:32.227 [Actor Thread 1] INFO  nextflow.Nextflow - No AMR annotations where made for C-9A27CC4D8B.
Mar-07 16:12:32.364 [FileTransfer-9] DEBUG nextflow.file.FilePorter - Local cache found for foreign file s3://mscape-published-taxon-reports/C-5343A8C77E/C-5343A8C77E_PlusPF.kraken_assignments.tsv at /shared/team/nxf_work/nicholasellaby.gpha-ukhsa-mscap/work/stage-7bd7e59b-5306-4111-81eb-5b16806ccb9c/7d/495d01041c3f2628f2fd01b532329c/C-5343A8C77E_PlusPF.kraken_assignments.tsv
Mar-07 16:12:32.367 [FileTransfer-10] DEBUG nextflow.file.FilePorter - Local cache found for foreign file s3://mscape-published-taxon-reports/C-5343A8C77E/C-5343A8C77E_PlusPF.kraken_report.json at /shared/team/nxf_work/nicholasellaby.gpha-ukhsa-mscap/work/stage-7bd7e59b-5306-4111-81eb-5b16806ccb9c/3c/5cd8552bb429fe889005c69bff6615/C-5343A8C77E_PlusPF.kraken_report.json
Mar-07 16:12:32.369 [FileTransfer-1] DEBUG nextflow.file.FilePorter - Local cache found for foreign file s3://mscape-published-read-fractions/C-5343A8C77E/C-5343A8C77E.human_filtered.fastq.gz at /shared/team/nxf_work/nicholasellaby.gpha-ukhsa-mscap/work/stage-7bd7e59b-5306-4111-81eb-5b16806ccb9c/da/41f8548a8b9d43c90bb6fe25a79271/C-5343A8C77E.human_filtered.fastq.gz
Mar-07 16:12:32.415 [Actor Thread 3] INFO  nextflow.processor.TaskProcessor - [c5/710113] Cached process > AMR_ANALYSIS:GZ_TO_FASTQ (C-5343A8C77E)
Mar-07 16:12:32.499 [Actor Thread 1] INFO  nextflow.processor.TaskProcessor - [6a/ca720b] Cached process > AMR_ANALYSIS:RUN_ABRICATE (C-5343A8C77E)
Mar-07 16:12:33.526 [Task submitter] INFO  nextflow.Session - [ae/d7d66d] Submitted process > AMR_ANALYSIS:READ_EXTRACT (C-6CAF1EF2B6)
Mar-07 16:12:33.662 [Task submitter] INFO  nextflow.Session - [a9/5f38ce] Submitted process > AMR_ANALYSIS:READ_EXTRACT (C-5343A8C77E)
Mar-07 16:12:38.911 [Task monitor] DEBUG n.processor.TaskPollingMonitor - Task completed > TaskHandler[id: 12; name: AMR_ANALYSIS:READ_EXTRACT (C-6CAF1EF2B6); status: COMPLETED; exit: 2; error: -; workDir: /shared/team/nxf_work/nicholasellaby.gpha-ukhsa-mscap/work/ae/d7d66dc80287a6ceac51fc86bb0532]
Mar-07 16:12:38.918 [Task monitor] DEBUG nextflow.util.ThreadPoolBuilder - Creating thread pool 'TaskFinalizer' minSize=10; maxSize=10; workQueue=LinkedBlockingQueue[10000]; allowCoreThreadTimeout=false
Mar-07 16:12:39.016 [TaskFinalizer-1] DEBUG nextflow.processor.TaskProcessor - Handling unexpected condition for
  task: name=AMR_ANALYSIS:READ_EXTRACT (C-6CAF1EF2B6); work-dir=/shared/team/nxf_work/nicholasellaby.gpha-ukhsa-mscap/work/ae/d7d66dc80287a6ceac51fc86bb0532
  error [nextflow.exception.ProcessFailedException]: Process `AMR_ANALYSIS:READ_EXTRACT (C-6CAF1EF2B6)` terminated with an error exit status (2)
Mar-07 16:12:39.106 [Task monitor] DEBUG n.processor.TaskPollingMonitor - Task completed > TaskHandler[id: 16; name: AMR_ANALYSIS:READ_EXTRACT (C-5343A8C77E); status: COMPLETED; exit: 2; error: -; workDir: /shared/team/nxf_work/nicholasellaby.gpha-ukhsa-mscap/work/a9/5f38ce4c0ec9ebda2dce7cbd2c6e01]
Mar-07 16:12:39.366 [TaskFinalizer-1] ERROR nextflow.processor.TaskProcessor - Error executing process > 'AMR_ANALYSIS:READ_EXTRACT (C-6CAF1EF2B6)'

Caused by:
  Process `AMR_ANALYSIS:READ_EXTRACT (C-6CAF1EF2B6)` terminated with an error exit status (2)


Command executed:

  echo C-6CAF1EF2B6
  tail -n +2 abricate_out.txt | cut -f2 | sort | uniq > unique_amr_reads.txt
  while read i; do grep -P "$i	" C-6CAF1EF2B6_PlusPF.kraken_assignments.tsv | cut -f 2-3 >>read_taxid_assignment.tsv; done< unique_amr_reads.txt
  
  python /home/jovyan/git/mscape-amr-nf/bin/retrieve_taxon.py -t read_taxid_assignment.tsv -j C-6CAF1EF2B6_PlusPF.kraken_report.json -o reads_kraken_info.tsv

Command exit status:
  2

Command output:
  C-6CAF1EF2B6

Command error:
  python: can't open file '/home/jovyan/git/mscape-amr-nf/bin/retrieve_taxon.py': [Errno 2] No such file or directory

Work dir:
  /shared/team/nxf_work/nicholasellaby.gpha-ukhsa-mscap/work/ae/d7d66dc80287a6ceac51fc86bb0532

Tip: view the complete command output by changing to the process work dir and entering the command `cat .command.out`
Mar-07 16:12:39.378 [TaskFinalizer-2] DEBUG nextflow.processor.TaskProcessor - Handling unexpected condition for
  task: name=AMR_ANALYSIS:READ_EXTRACT (C-5343A8C77E); work-dir=/shared/team/nxf_work/nicholasellaby.gpha-ukhsa-mscap/work/a9/5f38ce4c0ec9ebda2dce7cbd2c6e01
  error [nextflow.exception.ProcessFailedException]: Process `AMR_ANALYSIS:READ_EXTRACT (C-5343A8C77E)` terminated with an error exit status (2)
Mar-07 16:12:39.415 [main] DEBUG nextflow.Session - Session await > all processes finished
Mar-07 16:12:39.491 [TaskFinalizer-1] INFO  nextflow.Session - Execution cancelled -- Finishing pending tasks before exit
Mar-07 16:12:39.519 [Task monitor] DEBUG n.processor.TaskPollingMonitor - <<< barrier arrives (monitor: k8s) - terminating tasks monitor poll loop
Mar-07 16:12:39.520 [main] DEBUG nextflow.Session - Session await > all barriers passed
Mar-07 16:12:39.549 [main] DEBUG nextflow.util.ThreadPoolManager - Thread pool 'TaskFinalizer' shutdown completed (hard=false)
Mar-07 16:12:39.593 [main] DEBUG n.trace.WorkflowStatsObserver - Workflow completed > WorkflowStats[succeededCount=0; failedCount=2; ignoredCount=0; cachedCount=14; pendingCount=0; submittedCount=0; runningCount=0; retriesCount=0; abortedCount=0; succeedDuration=0ms; failedDuration=1s; cachedDuration=21m 7s;loadCpus=0; loadMemory=0; peakRunning=2; peakCpus=2; peakMemory=12 GB; ]
Mar-07 16:12:39.594 [main] DEBUG nextflow.trace.TraceFileObserver - Workflow completed -- saving trace file
Mar-07 16:12:39.942 [main] DEBUG nextflow.trace.ReportObserver - Workflow completed -- rendering execution report
Mar-07 16:12:41.619 [main] DEBUG nextflow.trace.TimelineObserver - Workflow completed -- rendering execution timeline
Mar-07 16:12:42.362 [main] DEBUG nextflow.cache.CacheDB - Closing CacheDB done
Mar-07 16:12:42.504 [main] INFO  org.pf4j.AbstractPluginManager - Stop plugin 'nf-amazon@2.5.2'
Mar-07 16:12:42.506 [main] DEBUG nextflow.plugin.BasePlugin - Plugin stopped nf-amazon
Mar-07 16:12:42.547 [main] DEBUG nextflow.util.ThreadPoolManager - Thread pool 'FileTransfer' shutdown completed (hard=false)
Mar-07 16:12:42.553 [main] DEBUG nextflow.script.ScriptRunner - > Execution complete -- Goodbye
